<?xml version="1.0" encoding="UTF-8"?>
<!-- Generated by org.testng.reporters.JUnitXMLReporter -->
<testsuite ignored="0" hostname="mornar-PC" failures="0" tests="3" name="Default test" time="41.215" errors="0" timestamp="2021-06-11T00:16:51 CEST">
  <testcase classname="tests.RegistrationTests" name="signInButtonTest" time="1.945"/>
  <testcase classname="tests.RegistrationTests" name="registrationWithInvalidEmail" time="13.382"/>
  <testcase classname="tests.RegistrationTests" name="registrationWithValidEmail" time="5.07"/>
</testsuite> <!-- Default test -->
