<?xml version="1.0" encoding="UTF-8"?>
<!-- Generated by org.testng.reporters.JUnitXMLReporter -->
<testsuite ignored="0" hostname="mornar-PC" failures="0" tests="7" name="Default test" time="166.129" errors="0" timestamp="2021-06-14T22:45:22 CEST">
  <testcase classname="tests.AddToCartTests" name="addOneProductToCart" time="21.098"/>
  <testcase classname="tests.AddToCartTests" name="changeProductQuantityFromCartToThree" time="18.455"/>
  <testcase classname="tests.AddToCartTests" name="addThreeSameProductsInCart" time="20.773"/>
  <testcase classname="tests.AddToCartTests" name="addThreeDifferentProductsInCart" time="18.617"/>
  <testcase classname="tests.AddToCartTests" name="removeOneProductFromCart" time="17.329"/>
  <testcase classname="tests.AddToCartTests" name="removeProductFromCartTab" time="17.513"/>
  <testcase classname="tests.AddToCartTests" name="unregisteredUserCantProceedWithPurchase" time="8.689"/>
</testsuite> <!-- Default test -->
